<?xml version="1.0" encoding="UTF-8"?>
<testsuite name="jvms.assessment2.gdxtesting.AssetTests" tests="4" skipped="0" failures="0" errors="0" timestamp="2024-04-29T14:57:21" hostname="LAPTOP-GLC9RNER" time="0.049">
  <properties/>
  <testcase name="testInteractionIconsAssetExists" classname="jvms.assessment2.gdxtesting.AssetTests" time="0.008"/>
  <testcase name="testPlayerAssetExists" classname="jvms.assessment2.gdxtesting.AssetTests" time="0.001"/>
  <testcase name="testTilemapAssetExists" classname="jvms.assessment2.gdxtesting.AssetTests" time="0.001"/>
  <testcase name="testTerrainAssetExists" classname="jvms.assessment2.gdxtesting.AssetTests" time="0.001"/>
  <system-out><![CDATA[]]></system-out>
  <system-err><![CDATA[]]></system-err>
</testsuite>
