<?xml version="1.0" encoding="UTF-8"?>
<testsuite name="jvms.assessment2.gdxtesting.ComponentsTest" tests="9" skipped="0" failures="0" errors="0" timestamp="2024-05-01T21:04:12" hostname="MacBook-Pro-186.local" time="0.406">
  <properties/>
  <testcase name="TextureComponentTest" classname="jvms.assessment2.gdxtesting.ComponentsTest" time="0.023"/>
  <testcase name="HitboxComponentTest" classname="jvms.assessment2.gdxtesting.ComponentsTest" time="0.026"/>
  <testcase name="TooltipComponentTest" classname="jvms.assessment2.gdxtesting.ComponentsTest" time="0.063"/>
  <testcase name="PlayerComponentTest" classname="jvms.assessment2.gdxtesting.ComponentsTest" time="0.002"/>
  <testcase name="PositionComponentTest" classname="jvms.assessment2.gdxtesting.ComponentsTest" time="0.001"/>
  <testcase name="CounterComponentTest" classname="jvms.assessment2.gdxtesting.ComponentsTest" time="0.03"/>
  <testcase name="FixtureComponentTest" classname="jvms.assessment2.gdxtesting.ComponentsTest" time="0.107"/>
  <testcase name="AnimationComponentTest" classname="jvms.assessment2.gdxtesting.ComponentsTest" time="0.006"/>
  <testcase name="InteractionComponentTest" classname="jvms.assessment2.gdxtesting.ComponentsTest" time="0.003"/>
  <system-out><![CDATA[]]></system-out>
  <system-err><![CDATA[]]></system-err>
</testsuite>
