<?xml version="1.0" encoding="UTF-8"?>
<testsuite name="jvms.assessment2.gdxtesting.PhysicsPolygonTest" tests="1" skipped="0" failures="0" errors="0" timestamp="2024-04-29T14:57:21" hostname="LAPTOP-GLC9RNER" time="0.015">
  <properties/>
  <testcase name="testPhysicsPolygon" classname="jvms.assessment2.gdxtesting.PhysicsPolygonTest" time="0.015"/>
  <system-out><![CDATA[]]></system-out>
  <system-err><![CDATA[]]></system-err>
</testsuite>
