<?xml version="1.0" encoding="UTF-8"?>
<testsuite name="jvms.assessment2.gdxtesting.LeaderboardManagerTest" tests="6" skipped="0" failures="0" errors="0" timestamp="2024-04-27T15:21:22" hostname="MacBook-Pro-186" time="0.071">
  <properties/>
  <testcase name="testLeaderboardCreation" classname="jvms.assessment2.gdxtesting.LeaderboardManagerTest" time="0.032"/>
  <testcase name="testLeaderboardReplacement" classname="jvms.assessment2.gdxtesting.LeaderboardManagerTest" time="0.031"/>
  <testcase name="testLeaderboardLengthValidation" classname="jvms.assessment2.gdxtesting.LeaderboardManagerTest" time="0.002"/>
  <testcase name="testLeaderboardInsertionScore" classname="jvms.assessment2.gdxtesting.LeaderboardManagerTest" time="0.003"/>
  <testcase name="testLeaderboardOrderValidation" classname="jvms.assessment2.gdxtesting.LeaderboardManagerTest" time="0.001"/>
  <testcase name="testLeaderboardInsertionName" classname="jvms.assessment2.gdxtesting.LeaderboardManagerTest" time="0.0"/>
  <system-out><![CDATA[]]></system-out>
  <system-err><![CDATA[]]></system-err>
</testsuite>
