<?xml version="1.0" encoding="UTF-8"?>
<testsuite name="jvms.assessment2.gdxtesting.PlayerInteractionSystemTest" tests="1" skipped="0" failures="0" errors="0" timestamp="2024-04-29T14:57:22" hostname="LAPTOP-GLC9RNER" time="0.013">
  <properties/>
  <testcase name="testSuccessfulAddToEngine" classname="jvms.assessment2.gdxtesting.PlayerInteractionSystemTest" time="0.013"/>
  <system-out><![CDATA[]]></system-out>
  <system-err><![CDATA[]]></system-err>
</testsuite>
