<?xml version="1.0" encoding="UTF-8"?>
<testsuite name="jvms.assessment2.gdxtesting.PhysicsPolygonTest" tests="1" skipped="0" failures="0" errors="0" timestamp="2024-05-01T11:28:05" hostname="MacBook-Pro-186.local" time="0.004">
  <properties/>
  <testcase name="testPhysicsPolygon" classname="jvms.assessment2.gdxtesting.PhysicsPolygonTest" time="0.004"/>
  <system-out><![CDATA[]]></system-out>
  <system-err><![CDATA[]]></system-err>
</testsuite>
