<?xml version="1.0" encoding="UTF-8"?>
<testsuite name="jvms.assessment2.gdxtesting.AssetTests" tests="4" skipped="0" failures="0" errors="0" timestamp="2024-05-01T09:48:37" hostname="MacBook-Pro-186.local" time="0.052">
  <properties/>
  <testcase name="testInteractionIconsAssetExists" classname="jvms.assessment2.gdxtesting.AssetTests" time="0.007"/>
  <testcase name="testPlayerAssetExists" classname="jvms.assessment2.gdxtesting.AssetTests" time="0.002"/>
  <testcase name="testTilemapAssetExists" classname="jvms.assessment2.gdxtesting.AssetTests" time="0.002"/>
  <testcase name="testTerrainAssetExists" classname="jvms.assessment2.gdxtesting.AssetTests" time="0.001"/>
  <system-out><![CDATA[]]></system-out>
  <system-err><![CDATA[]]></system-err>
</testsuite>
