<?xml version="1.0" encoding="UTF-8"?>
<testsuite name="jvms.assessment2.gdxtesting.PlayerInputSystemTest" tests="3" skipped="0" failures="0" errors="0" timestamp="2024-04-29T14:57:21" hostname="LAPTOP-GLC9RNER" time="0.256">
  <properties/>
  <testcase name="testSuccessfulAddToEngine" classname="jvms.assessment2.gdxtesting.PlayerInputSystemTest" time="0.215"/>
  <testcase name="testVelocity" classname="jvms.assessment2.gdxtesting.PlayerInputSystemTest" time="0.007"/>
  <testcase name="testCurrentAnimation" classname="jvms.assessment2.gdxtesting.PlayerInputSystemTest" time="0.006"/>
  <system-out><![CDATA[]]></system-out>
  <system-err><![CDATA[]]></system-err>
</testsuite>
