<?xml version="1.0" encoding="UTF-8"?>
<testsuite name="jvms.assessment2.gdxtesting.GameStateTest" tests="3" skipped="0" failures="0" errors="0" timestamp="2024-04-27T15:21:22" hostname="MacBook-Pro-186" time="0.065">
  <properties/>
  <testcase name="testGetTotalActivityCount" classname="jvms.assessment2.gdxtesting.GameStateTest" time="0.025"/>
  <testcase name="testAdvanceDay" classname="jvms.assessment2.gdxtesting.GameStateTest" time="0.0"/>
  <testcase name="testDoActivity" classname="jvms.assessment2.gdxtesting.GameStateTest" time="0.002"/>
  <system-out><![CDATA[]]></system-out>
  <system-err><![CDATA[]]></system-err>
</testsuite>
