<?xml version="1.0" encoding="UTF-8"?>
<testsuite name="jvms.assessment2.gdxtesting.AssetTests" tests="2" skipped="0" failures="0" errors="0" timestamp="2024-04-27T13:53:54" hostname="LAPTOP-GLC9RNER" time="0.015">
  <properties/>
  <testcase name="testPlayerAssetExists" classname="jvms.assessment2.gdxtesting.AssetTests" time="0.005"/>
  <testcase name="testTilemapAssetExists" classname="jvms.assessment2.gdxtesting.AssetTests" time="0.001"/>
  <system-out><![CDATA[]]></system-out>
  <system-err><![CDATA[]]></system-err>
</testsuite>
