<?xml version="1.0" encoding="UTF-8"?>
<testsuite name="jvms.assessment2.gdxtesting.PlayerInputSystemTest" tests="3" skipped="0" failures="0" errors="0" timestamp="2024-05-01T11:28:05" hostname="MacBook-Pro-186.local" time="0.139">
  <properties/>
  <testcase name="testSuccessfulAddToEngine" classname="jvms.assessment2.gdxtesting.PlayerInputSystemTest" time="0.095"/>
  <testcase name="testVelocity" classname="jvms.assessment2.gdxtesting.PlayerInputSystemTest" time="0.013"/>
  <testcase name="testCurrentAnimation" classname="jvms.assessment2.gdxtesting.PlayerInputSystemTest" time="0.009"/>
  <system-out><![CDATA[]]></system-out>
  <system-err><![CDATA[]]></system-err>
</testsuite>
