<?xml version="1.0" encoding="UTF-8"?>
<testsuite name="jvms.assessment2.gdxtesting.AssetTests" tests="1" skipped="0" failures="0" errors="0" timestamp="2024-04-29T09:41:00" hostname="MacBook-Pro-186.local" time="0.012">
  <properties/>
  <testcase name="testInteractionIconsAssetExists" classname="jvms.assessment2.gdxtesting.AssetTests" time="0.012"/>
  <system-out><![CDATA[]]></system-out>
  <system-err><![CDATA[]]></system-err>
</testsuite>
