<?xml version="1.0" encoding="UTF-8"?>
<testsuite name="jvms.assessment2.gdxtesting.PlayerInputSystemTest" tests="3" skipped="0" failures="0" errors="0" timestamp="2024-05-01T15:46:51" hostname="MacBook-Pro-186.local" time="0.055">
  <properties/>
  <testcase name="testSuccessfulAddToEngine" classname="jvms.assessment2.gdxtesting.PlayerInputSystemTest" time="0.017"/>
  <testcase name="testVelocity" classname="jvms.assessment2.gdxtesting.PlayerInputSystemTest" time="0.006"/>
  <testcase name="testCurrentAnimation" classname="jvms.assessment2.gdxtesting.PlayerInputSystemTest" time="0.003"/>
  <system-out><![CDATA[]]></system-out>
  <system-err><![CDATA[]]></system-err>
</testsuite>
