<?xml version="1.0" encoding="UTF-8"?>
<testsuite name="jvms.assessment2.gdxtesting.AssetTests" tests="5" skipped="0" failures="0" errors="0" timestamp="2024-05-01T21:04:12" hostname="MacBook-Pro-186.local" time="0.092">
  <properties/>
  <testcase name="testInteractionIconsAssetExists" classname="jvms.assessment2.gdxtesting.AssetTests" time="0.021"/>
  <testcase name="testPlayerAssetExists" classname="jvms.assessment2.gdxtesting.AssetTests" time="0.001"/>
  <testcase name="testTilemapAssetExists" classname="jvms.assessment2.gdxtesting.AssetTests" time="0.0"/>
  <testcase name="testTerrainAssetExists" classname="jvms.assessment2.gdxtesting.AssetTests" time="0.0"/>
  <testcase name="testWhitePixelAssetExists" classname="jvms.assessment2.gdxtesting.AssetTests" time="0.0"/>
  <system-out><![CDATA[]]></system-out>
  <system-err><![CDATA[]]></system-err>
</testsuite>
