<?xml version="1.0" encoding="UTF-8"?>
<testsuite name="jvms.assessment2.gdxtesting.LeaderboardManagerTest" tests="6" skipped="0" failures="0" errors="0" timestamp="2024-04-27T13:53:52" hostname="LAPTOP-GLC9RNER" time="0.057">
  <properties/>
  <testcase name="testLeaderboardCreation" classname="jvms.assessment2.gdxtesting.LeaderboardManagerTest" time="0.026"/>
  <testcase name="testLeaderboardReplacement" classname="jvms.assessment2.gdxtesting.LeaderboardManagerTest" time="0.017"/>
  <testcase name="testLeaderboardLengthValidation" classname="jvms.assessment2.gdxtesting.LeaderboardManagerTest" time="0.004"/>
  <testcase name="testLeaderboardInsertionScore" classname="jvms.assessment2.gdxtesting.LeaderboardManagerTest" time="0.003"/>
  <testcase name="testLeaderboardOrderValidation" classname="jvms.assessment2.gdxtesting.LeaderboardManagerTest" time="0.003"/>
  <testcase name="testLeaderboardInsertionName" classname="jvms.assessment2.gdxtesting.LeaderboardManagerTest" time="0.003"/>
  <system-out><![CDATA[]]></system-out>
  <system-err><![CDATA[]]></system-err>
</testsuite>
