<?xml version="1.0" encoding="UTF-8"?>
<testsuite name="jvms.assessment2.gdxtesting.PlayerInteractionSystemTest" tests="1" skipped="0" failures="0" errors="0" timestamp="2024-05-01T21:04:13" hostname="MacBook-Pro-186.local" time="0.005">
  <properties/>
  <testcase name="testSuccessfulAddToEngine" classname="jvms.assessment2.gdxtesting.PlayerInteractionSystemTest" time="0.005"/>
  <system-out><![CDATA[]]></system-out>
  <system-err><![CDATA[]]></system-err>
</testsuite>
