<?xml version="1.0" encoding="UTF-8"?>
<testsuite name="jvms.assessment2.gdxtesting.LeaderboardManagerTest" tests="6" skipped="0" failures="0" errors="0" timestamp="2024-05-01T09:48:37" hostname="MacBook-Pro-186.local" time="0.087">
  <properties/>
  <testcase name="testLeaderboardCreation" classname="jvms.assessment2.gdxtesting.LeaderboardManagerTest" time="0.043"/>
  <testcase name="testLeaderboardReplacement" classname="jvms.assessment2.gdxtesting.LeaderboardManagerTest" time="0.032"/>
  <testcase name="testLeaderboardLengthValidation" classname="jvms.assessment2.gdxtesting.LeaderboardManagerTest" time="0.004"/>
  <testcase name="testLeaderboardInsertionScore" classname="jvms.assessment2.gdxtesting.LeaderboardManagerTest" time="0.001"/>
  <testcase name="testLeaderboardOrderValidation" classname="jvms.assessment2.gdxtesting.LeaderboardManagerTest" time="0.003"/>
  <testcase name="testLeaderboardInsertionName" classname="jvms.assessment2.gdxtesting.LeaderboardManagerTest" time="0.003"/>
  <system-out><![CDATA[]]></system-out>
  <system-err><![CDATA[]]></system-err>
</testsuite>
